C C1P1.qui 2 0 0 0 + 
C C1P2.qui 2 0 0 0 + 
C C1P3.qui 2 0 0 0 + 
C C1P4.qui 2 0 0 0 + 
C C1P5.qui 2 0 0 0 + 
C C1P6.qui 2 0 0 0 + 
C C1P7.qui 2 0 0 0 + 
C C1P8.qui 2 0 0 0 + 
C C1P9.qui 2 0 0 0 + 
C C1P10.qui 2 0 0 0 + 
C C1P11.qui 2 0 0 0 + 
C C1P12.qui 2 0 0 0 + 
C C1P13.qui 2 0 0 0 + 
C C1P14.qui 2 0 0 0 + 
C C1P15.qui 2 0 0 0 + 
C C1P16.qui 2 0 0 0 + 
C C1P17.qui 2 0 0 0 + 
C C1P18.qui 2 0 0 0 + 
C C1P19.qui 2 0 0 0 + 
C C1P20.qui 2 0 0 0 + 
C C1P21.qui 2 0 0 0 + 
C C1P22.qui 2 0 0 0 + 
C C1P23.qui 2 0 0 0 + 
C C1P24.qui 2 0 0 0 + 
C C1P25.qui 2 0 0 0 + 
C C1P26.qui 2 0 0 0 + 
C C1P27.qui 2 0 0 0 + 
C C1P28.qui 2 0 0 0 + 
C C1P29.qui 2 0 0 0 + 
C C1P30.qui 2 0 0 0 + 
C C1P31.qui 2 0 0 0 + 
C C1P32.qui 2 0 0 0 + 
C C1P33.qui 2 0 0 0 + 
C C1P34.qui 2 0 0 0 + 
C C1P35.qui 2 0 0 0 + 
C C1P36.qui 2 0 0 0 + 
C C1P37.qui 2 0 0 0 + 
C C1P38.qui 2 0 0 0 + 
C C1P39.qui 2 0 0 0 + 
C C1P40.qui 2 0 0 0 + 
C C1P41.qui 2 0 0 0 + 
C C1P42.qui 2 0 0 0 + 
C C1P43.qui 2 0 0 0 + 
C C1P44.qui 2 0 0 0 + 
C C1P45.qui 2 0 0 0 + 
C C1P46.qui 2 0 0 0 
C C2P1.qui 2 0 0 0 + 
C C2P2.qui 2 0 0 0 + 
C C2P3.qui 2 0 0 0 + 
C C2P4.qui 2 0 0 0 + 
C C2P5.qui 2 0 0 0 + 
C C2P6.qui 2 0 0 0 + 
C C2P7.qui 2 0 0 0 + 
C C2P8.qui 2 0 0 0 + 
C C2P9.qui 2 0 0 0 + 
C C2P10.qui 2 0 0 0 + 
C C2P11.qui 2 0 0 0 + 
C C2P12.qui 2 0 0 0 + 
C C2P13.qui 2 0 0 0 + 
C C2P14.qui 2 0 0 0 + 
C C2P15.qui 2 0 0 0 + 
C C2P16.qui 2 0 0 0 + 
C C2P17.qui 2 0 0 0 + 
C C2P18.qui 2 0 0 0 + 
C C2P19.qui 2 0 0 0 + 
C C2P20.qui 2 0 0 0 + 
C C2P21.qui 2 0 0 0 + 
C C2P22.qui 2 0 0 0 + 
C C2P23.qui 2 0 0 0 + 
C C2P24.qui 2 0 0 0 + 
C C2P25.qui 2 0 0 0 + 
C C2P26.qui 2 0 0 0 + 
C C2P27.qui 2 0 0 0 + 
C C2P28.qui 2 0 0 0 + 
C C2P29.qui 2 0 0 0 + 
C C2P30.qui 2 0 0 0 + 
C C2P31.qui 2 0 0 0 + 
C C2P32.qui 2 0 0 0 + 
C C2P33.qui 2 0 0 0 + 
C C2P34.qui 2 0 0 0 + 
C C2P35.qui 2 0 0 0 + 
C C2P36.qui 2 0 0 0 + 
C C2P37.qui 2 0 0 0 + 
C C2P38.qui 2 0 0 0 + 
C C2P39.qui 2 0 0 0 + 
C C2P40.qui 2 0 0 0 + 
C C2P41.qui 2 0 0 0 + 
C C2P42.qui 2 0 0 0 + 
C C2P43.qui 2 0 0 0 + 
C C2P44.qui 2 0 0 0 + 
C C2P45.qui 2 0 0 0 + 
C C2P46.qui 2 0 0 0 
